<?xml version="1.0" encoding="UTF-8"?>
<testsuite xmlns:xsi="http://www.w3.org/2001/XMLSchema-instance" xsi:noNamespaceSchemaLocation="https://maven.apache.org/surefire/maven-surefire-plugin/xsd/surefire-test-report-3.0.xsd" version="3.0" name="BankAccountTest" time="0.072" tests="5" errors="0" skipped="0" failures="0">
  <properties>
[...]
</properties>
  <testcase name="testAddNegativeMoneyDoesNotChangeBalance" classname="BankAccountTest" time="0.028">
    <system-out><![CDATA[Amount must be greater than zero.
]]></system-out>
  </testcase>
  <testcase name="testRetrieveMoney" classname="BankAccountTest" time="0.003">
    <system-out><![CDATA[Transaction successful! Current balance: $100.0
Transaction successful! Current balance: $50.0
]]></system-out>
  </testcase>
  <testcase name="testAddMoney" classname="BankAccountTest" time="0.002">
    <system-out><![CDATA[Transaction successful! Current balance: $100.0
]]></system-out>
  </testcase>
  <testcase name="testInitialBalance" classname="BankAccountTest" time="0.001"/>
  <testcase name="testRetrieveMoneyInsufficientFunds" classname="BankAccountTest" time="0.002">
    <system-out><![CDATA[Transaction successful! Current balance: $50.0
Error: Insufficient funds. You cannot retrieve more than $50.0
]]></system-out>
  </testcase>
</testsuite>